{"C:\\Users\\MuhammadRasul\\Desktop\\EDonish\\Testing\\js\\arrayClone.js": {"path":"C:\\Users\\MuhammadRasul\\Desktop\\EDonish\\Testing\\js\\arrayClone.js","statementMap":{"0":{"start":{"line":2,"column":4},"end":{"line":2,"column":21}},"1":{"start":{"line":5,"column":0},"end":{"line":5,"column":27}}},"fnMap":{"0":{"name":"arrayClone","decl":{"start":{"line":1,"column":9},"end":{"line":1,"column":19}},"loc":{"start":{"line":1,"column":27},"end":{"line":3,"column":1}},"line":1}},"branchMap":{},"s":{"0":1,"1":1},"f":{"0":1},"b":{},"_coverageSchema":"1a1c01bbd47fc00a2c39e90264f33305004495a9","hash":"590d47865a041238f100c00d0f54f6860d4e09e6"}
,"C:\\Users\\MuhammadRasul\\Desktop\\EDonish\\Testing\\js\\sum.js": {"path":"C:\\Users\\MuhammadRasul\\Desktop\\EDonish\\Testing\\js\\sum.js","statementMap":{"0":{"start":{"line":2,"column":4},"end":{"line":2,"column":17}},"1":{"start":{"line":5,"column":0},"end":{"line":5,"column":20}}},"fnMap":{"0":{"name":"sum","decl":{"start":{"line":1,"column":9},"end":{"line":1,"column":12}},"loc":{"start":{"line":1,"column":19},"end":{"line":3,"column":1}},"line":1}},"branchMap":{},"s":{"0":1,"1":1},"f":{"0":1},"b":{},"_coverageSchema":"1a1c01bbd47fc00a2c39e90264f33305004495a9","hash":"acf043cf056823d1a08c7cf305457cd62f8a02a2"}
}
